{"C:\\Users\\39366\\Desktop\\Master\\individualProjects\\Project2-ISAManegement\\ASIManagement\\frontend\\src\\assets\\logo.svg": {"path":"C:\\Users\\39366\\Desktop\\Master\\individualProjects\\Project2-ISAManegement\\ASIManagement\\frontend\\src\\assets\\logo.svg","statementMap":{"0":{"start":{"line":1,"column":0},"end":{"line":1,"column":19}}},"fnMap":{},"branchMap":{},"s":{"0":4},"f":{},"b":{},"_coverageSchema":"1a1c01bbd47fc00a2c39e90264f33305004495a9","hash":"4bf16407837d19a1cf6f618ba83694d8dc3e7de8"}
,"C:\\Users\\39366\\Desktop\\Master\\individualProjects\\Project2-ISAManegement\\ASIManagement\\frontend\\src\\components\\sidebar\\state.js": {"path":"C:\\Users\\39366\\Desktop\\Master\\individualProjects\\Project2-ISAManegement\\ASIManagement\\frontend\\src\\components\\sidebar\\state.js","statementMap":{"0":{"start":{"line":3,"column":25},"end":{"line":3,"column":35}},"1":{"start":{"line":4,"column":29},"end":{"line":4,"column":71}},"2":{"start":{"line":4,"column":36},"end":{"line":4,"column":70}},"3":{"start":{"line":6,"column":29},"end":{"line":6,"column":32}},"4":{"start":{"line":7,"column":39},"end":{"line":7,"column":41}},"5":{"start":{"line":8,"column":28},"end":{"line":10,"column":1}},"6":{"start":{"line":9,"column":8},"end":{"line":9,"column":72}}},"fnMap":{"0":{"name":"(anonymous_0)","decl":{"start":{"line":4,"column":29},"end":{"line":4,"column":30}},"loc":{"start":{"line":4,"column":36},"end":{"line":4,"column":70}},"line":4},"1":{"name":"(anonymous_1)","decl":{"start":{"line":9,"column":2},"end":{"line":9,"column":3}},"loc":{"start":{"line":9,"column":8},"end":{"line":9,"column":72}},"line":9}},"branchMap":{"0":{"loc":{"start":{"line":9,"column":11},"end":{"line":9,"column":68}},"type":"cond-expr","locations":[{"start":{"line":9,"column":29},"end":{"line":9,"column":52}},{"start":{"line":9,"column":55},"end":{"line":9,"column":68}}],"line":9}},"s":{"0":3,"1":3,"2":0,"3":3,"4":3,"5":3,"6":3},"f":{"0":0,"1":3},"b":{"0":[0,3]},"_coverageSchema":"1a1c01bbd47fc00a2c39e90264f33305004495a9","hash":"fc2a153ea4916cee2fc11be91532d381ada75436"}
,"C:\\Users\\39366\\Desktop\\Master\\individualProjects\\Project2-ISAManegement\\ASIManagement\\frontend\\src\\store\\modules\\user.js": {"path":"C:\\Users\\39366\\Desktop\\Master\\individualProjects\\Project2-ISAManegement\\ASIManagement\\frontend\\src\\store\\modules\\user.js","statementMap":{"0":{"start":{"line":4,"column":14},"end":{"line":11,"column":1}},"1":{"start":{"line":13,"column":16},"end":{"line":19,"column":1}},"2":{"start":{"line":14,"column":23},"end":{"line":14,"column":37}},"3":{"start":{"line":15,"column":23},"end":{"line":15,"column":37}},"4":{"start":{"line":16,"column":20},"end":{"line":16,"column":31}},"5":{"start":{"line":17,"column":25},"end":{"line":17,"column":35}},"6":{"start":{"line":18,"column":22},"end":{"line":18,"column":35}},"7":{"start":{"line":21,"column":16},"end":{"line":85,"column":1}},"8":{"start":{"line":23,"column":21},"end":{"line":25,"column":6}},"9":{"start":{"line":27,"column":4},"end":{"line":27,"column":40}},"10":{"start":{"line":30,"column":21},"end":{"line":35,"column":5}},"11":{"start":{"line":37,"column":4},"end":{"line":37,"column":40}},"12":{"start":{"line":41,"column":4},"end":{"line":41,"column":40}},"13":{"start":{"line":43,"column":17},"end":{"line":43,"column":55}},"14":{"start":{"line":44,"column":4},"end":{"line":68,"column":5}},"15":{"start":{"line":45,"column":23},"end":{"line":55,"column":7}},"16":{"start":{"line":57,"column":6},"end":{"line":67,"column":7}},"17":{"start":{"line":58,"column":8},"end":{"line":58,"column":45}},"18":{"start":{"line":59,"column":8},"end":{"line":59,"column":58}},"19":{"start":{"line":60,"column":8},"end":{"line":60,"column":63}},"20":{"start":{"line":61,"column":8},"end":{"line":61,"column":69}},"21":{"start":{"line":62,"column":8},"end":{"line":62,"column":65}},"22":{"start":{"line":63,"column":8},"end":{"line":63,"column":59}},"23":{"start":{"line":64,"column":8},"end":{"line":64,"column":56}},"24":{"start":{"line":65,"column":13},"end":{"line":67,"column":7}},"25":{"start":{"line":66,"column":8},"end":{"line":66,"column":45}},"26":{"start":{"line":71,"column":4},"end":{"line":71,"column":24}},"27":{"start":{"line":74,"column":4},"end":{"line":74,"column":36}},"28":{"start":{"line":75,"column":4},"end":{"line":75,"column":35}},"29":{"start":{"line":76,"column":4},"end":{"line":76,"column":38}},"30":{"start":{"line":77,"column":4},"end":{"line":77,"column":36}},"31":{"start":{"line":78,"column":4},"end":{"line":78,"column":33}},"32":{"start":{"line":79,"column":4},"end":{"line":79,"column":35}},"33":{"start":{"line":80,"column":4},"end":{"line":80,"column":24}},"34":{"start":{"line":83,"column":4},"end":{"line":83,"column":25}},"35":{"start":{"line":87,"column":18},"end":{"line":120,"column":1}},"36":{"start":{"line":88,"column":37},"end":{"line":88,"column":62}},"37":{"start":{"line":89,"column":37},"end":{"line":89,"column":62}},"38":{"start":{"line":92,"column":4},"end":{"line":92,"column":25}},"39":{"start":{"line":93,"column":4},"end":{"line":93,"column":22}},"40":{"start":{"line":94,"column":4},"end":{"line":94,"column":21}},"41":{"start":{"line":97,"column":4},"end":{"line":97,"column":25}},"42":{"start":{"line":98,"column":4},"end":{"line":98,"column":22}},"43":{"start":{"line":99,"column":4},"end":{"line":99,"column":21}},"44":{"start":{"line":102,"column":4},"end":{"line":102,"column":24}},"45":{"start":{"line":103,"column":4},"end":{"line":103,"column":32}},"46":{"start":{"line":104,"column":4},"end":{"line":104,"column":36}},"47":{"start":{"line":105,"column":4},"end":{"line":111,"column":5}},"48":{"start":{"line":114,"column":4},"end":{"line":114,"column":25}},"49":{"start":{"line":115,"column":4},"end":{"line":115,"column":36}},"50":{"start":{"line":118,"column":4},"end":{"line":118,"column":25}}},"fnMap":{"0":{"name":"(anonymous_0)","decl":{"start":{"line":14,"column":12},"end":{"line":14,"column":13}},"loc":{"start":{"line":14,"column":23},"end":{"line":14,"column":37}},"line":14},"1":{"name":"(anonymous_1)","decl":{"start":{"line":15,"column":12},"end":{"line":15,"column":13}},"loc":{"start":{"line":15,"column":23},"end":{"line":15,"column":37}},"line":15},"2":{"name":"(anonymous_2)","decl":{"start":{"line":16,"column":9},"end":{"line":16,"column":10}},"loc":{"start":{"line":16,"column":20},"end":{"line":16,"column":31}},"line":16},"3":{"name":"(anonymous_3)","decl":{"start":{"line":17,"column":14},"end":{"line":17,"column":15}},"loc":{"start":{"line":17,"column":25},"end":{"line":17,"column":35}},"line":17},"4":{"name":"(anonymous_4)","decl":{"start":{"line":18,"column":11},"end":{"line":18,"column":12}},"loc":{"start":{"line":18,"column":22},"end":{"line":18,"column":35}},"line":18},"5":{"name":"(anonymous_5)","decl":{"start":{"line":22,"column":2},"end":{"line":22,"column":3}},"loc":{"start":{"line":22,"column":34},"end":{"line":28,"column":3}},"line":22},"6":{"name":"(anonymous_6)","decl":{"start":{"line":29,"column":2},"end":{"line":29,"column":3}},"loc":{"start":{"line":29,"column":38},"end":{"line":38,"column":3}},"line":29},"7":{"name":"(anonymous_7)","decl":{"start":{"line":40,"column":2},"end":{"line":40,"column":3}},"loc":{"start":{"line":40,"column":50},"end":{"line":69,"column":3}},"line":40},"8":{"name":"(anonymous_8)","decl":{"start":{"line":70,"column":2},"end":{"line":70,"column":3}},"loc":{"start":{"line":70,"column":27},"end":{"line":72,"column":3}},"line":70},"9":{"name":"(anonymous_9)","decl":{"start":{"line":73,"column":2},"end":{"line":73,"column":3}},"loc":{"start":{"line":73,"column":31},"end":{"line":81,"column":3}},"line":73},"10":{"name":"(anonymous_10)","decl":{"start":{"line":82,"column":2},"end":{"line":82,"column":3}},"loc":{"start":{"line":82,"column":37},"end":{"line":84,"column":3}},"line":82},"11":{"name":"(anonymous_11)","decl":{"start":{"line":88,"column":15},"end":{"line":88,"column":16}},"loc":{"start":{"line":88,"column":37},"end":{"line":88,"column":62}},"line":88},"12":{"name":"(anonymous_12)","decl":{"start":{"line":89,"column":15},"end":{"line":89,"column":16}},"loc":{"start":{"line":89,"column":37},"end":{"line":89,"column":62}},"line":89},"13":{"name":"(anonymous_13)","decl":{"start":{"line":91,"column":2},"end":{"line":91,"column":3}},"loc":{"start":{"line":91,"column":20},"end":{"line":95,"column":3}},"line":91},"14":{"name":"(anonymous_14)","decl":{"start":{"line":96,"column":2},"end":{"line":96,"column":3}},"loc":{"start":{"line":96,"column":28},"end":{"line":100,"column":3}},"line":96},"15":{"name":"(anonymous_15)","decl":{"start":{"line":101,"column":2},"end":{"line":101,"column":3}},"loc":{"start":{"line":101,"column":32},"end":{"line":112,"column":3}},"line":101},"16":{"name":"(anonymous_16)","decl":{"start":{"line":113,"column":2},"end":{"line":113,"column":3}},"loc":{"start":{"line":113,"column":32},"end":{"line":116,"column":3}},"line":113},"17":{"name":"(anonymous_17)","decl":{"start":{"line":117,"column":2},"end":{"line":117,"column":3}},"loc":{"start":{"line":117,"column":21},"end":{"line":119,"column":3}},"line":117}},"branchMap":{"0":{"loc":{"start":{"line":44,"column":4},"end":{"line":68,"column":5}},"type":"if","locations":[{"start":{"line":44,"column":4},"end":{"line":68,"column":5}},{"start":{},"end":{}}],"line":44},"1":{"loc":{"start":{"line":57,"column":6},"end":{"line":67,"column":7}},"type":"if","locations":[{"start":{"line":57,"column":6},"end":{"line":67,"column":7}},{"start":{"line":65,"column":13},"end":{"line":67,"column":7}}],"line":57},"2":{"loc":{"start":{"line":65,"column":13},"end":{"line":67,"column":7}},"type":"if","locations":[{"start":{"line":65,"column":13},"end":{"line":67,"column":7}},{"start":{},"end":{}}],"line":65}},"s":{"0":5,"1":5,"2":0,"3":0,"4":0,"5":0,"6":3,"7":5,"8":0,"9":0,"10":0,"11":0,"12":0,"13":0,"14":0,"15":0,"16":0,"17":0,"18":0,"19":0,"20":0,"21":0,"22":0,"23":0,"24":0,"25":0,"26":0,"27":0,"28":0,"29":0,"30":0,"31":0,"32":0,"33":0,"34":0,"35":5,"36":0,"37":0,"38":0,"39":0,"40":0,"41":0,"42":0,"43":0,"44":0,"45":0,"46":0,"47":0,"48":0,"49":0,"50":0},"f":{"0":0,"1":0,"2":0,"3":0,"4":3,"5":0,"6":0,"7":0,"8":0,"9":0,"10":0,"11":0,"12":0,"13":0,"14":0,"15":0,"16":0,"17":0},"b":{"0":[0,0],"1":[0,0],"2":[0,0]},"_coverageSchema":"1a1c01bbd47fc00a2c39e90264f33305004495a9","hash":"3cfc8d505cb429d15384322ebe81dc9a4de1596f"}
,"C:\\Users\\39366\\Desktop\\Master\\individualProjects\\Project2-ISAManegement\\ASIManagement\\frontend\\src\\store\\services\\login.service.js": {"path":"C:\\Users\\39366\\Desktop\\Master\\individualProjects\\Project2-ISAManegement\\ASIManagement\\frontend\\src\\store\\services\\login.service.js","statementMap":{"0":{"start":{"line":1,"column":28},"end":{"line":3,"column":1}},"1":{"start":{"line":5,"column":2},"end":{"line":7,"column":3}},"2":{"start":{"line":6,"column":4},"end":{"line":6,"column":15}}},"fnMap":{"0":{"name":"login","decl":{"start":{"line":4,"column":9},"end":{"line":4,"column":14}},"loc":{"start":{"line":4,"column":35},"end":{"line":8,"column":1}},"line":4}},"branchMap":{"0":{"loc":{"start":{"line":5,"column":2},"end":{"line":7,"column":3}},"type":"if","locations":[{"start":{"line":5,"column":2},"end":{"line":7,"column":3}},{"start":{},"end":{}}],"line":5},"1":{"loc":{"start":{"line":5,"column":6},"end":{"line":5,"column":38}},"type":"binary-expr","locations":[{"start":{"line":5,"column":6},"end":{"line":5,"column":20}},{"start":{"line":5,"column":24},"end":{"line":5,"column":38}}],"line":5}},"s":{"0":5,"1":1,"2":1},"f":{"0":1},"b":{"0":[1,0],"1":[1,1]},"_coverageSchema":"1a1c01bbd47fc00a2c39e90264f33305004495a9","hash":"f855aaacd1264c85f1b508188a17bd96cb6ab145"}
}
