{"C:\\Users\\39366\\Desktop\\Master\\individualProjects\\Project2-ISAManegement\\ASIManagement\\frontend\\src\\store\\modules\\user.js": {"path":"C:\\Users\\39366\\Desktop\\Master\\individualProjects\\Project2-ISAManegement\\ASIManagement\\frontend\\src\\store\\modules\\user.js","statementMap":{"0":{"start":{"line":4,"column":14},"end":{"line":12,"column":1}},"1":{"start":{"line":14,"column":16},"end":{"line":21,"column":1}},"2":{"start":{"line":15,"column":23},"end":{"line":15,"column":37}},"3":{"start":{"line":16,"column":23},"end":{"line":16,"column":37}},"4":{"start":{"line":17,"column":20},"end":{"line":17,"column":31}},"5":{"start":{"line":18,"column":22},"end":{"line":18,"column":35}},"6":{"start":{"line":19,"column":19},"end":{"line":19,"column":29}},"7":{"start":{"line":20,"column":25},"end":{"line":20,"column":41}},"8":{"start":{"line":23,"column":16},"end":{"line":90,"column":1}},"9":{"start":{"line":25,"column":21},"end":{"line":30,"column":5}},"10":{"start":{"line":32,"column":4},"end":{"line":32,"column":42}},"11":{"start":{"line":35,"column":21},"end":{"line":40,"column":5}},"12":{"start":{"line":41,"column":4},"end":{"line":41,"column":40}},"13":{"start":{"line":45,"column":21},"end":{"line":50,"column":5}},"14":{"start":{"line":52,"column":4},"end":{"line":52,"column":40}},"15":{"start":{"line":56,"column":4},"end":{"line":56,"column":40}},"16":{"start":{"line":58,"column":17},"end":{"line":58,"column":55}},"17":{"start":{"line":59,"column":4},"end":{"line":78,"column":5}},"18":{"start":{"line":60,"column":23},"end":{"line":70,"column":7}},"19":{"start":{"line":72,"column":6},"end":{"line":77,"column":7}},"20":{"start":{"line":73,"column":8},"end":{"line":73,"column":45}},"21":{"start":{"line":74,"column":8},"end":{"line":74,"column":58}},"22":{"start":{"line":75,"column":13},"end":{"line":77,"column":7}},"23":{"start":{"line":76,"column":8},"end":{"line":76,"column":45}},"24":{"start":{"line":81,"column":4},"end":{"line":81,"column":24}},"25":{"start":{"line":84,"column":4},"end":{"line":84,"column":36}},"26":{"start":{"line":85,"column":4},"end":{"line":85,"column":24}},"27":{"start":{"line":88,"column":4},"end":{"line":88,"column":25}},"28":{"start":{"line":92,"column":18},"end":{"line":128,"column":1}},"29":{"start":{"line":93,"column":37},"end":{"line":93,"column":62}},"30":{"start":{"line":94,"column":37},"end":{"line":94,"column":62}},"31":{"start":{"line":97,"column":4},"end":{"line":97,"column":25}},"32":{"start":{"line":98,"column":4},"end":{"line":98,"column":22}},"33":{"start":{"line":99,"column":4},"end":{"line":99,"column":21}},"34":{"start":{"line":102,"column":4},"end":{"line":102,"column":25}},"35":{"start":{"line":103,"column":4},"end":{"line":103,"column":22}},"36":{"start":{"line":104,"column":4},"end":{"line":104,"column":21}},"37":{"start":{"line":107,"column":4},"end":{"line":107,"column":24}},"38":{"start":{"line":108,"column":4},"end":{"line":108,"column":32}},"39":{"start":{"line":109,"column":4},"end":{"line":109,"column":36}},"40":{"start":{"line":110,"column":4},"end":{"line":116,"column":5}},"41":{"start":{"line":119,"column":4},"end":{"line":119,"column":25}},"42":{"start":{"line":120,"column":4},"end":{"line":120,"column":36}},"43":{"start":{"line":123,"column":4},"end":{"line":123,"column":25}},"44":{"start":{"line":126,"column":4},"end":{"line":126,"column":33}}},"fnMap":{"0":{"name":"(anonymous_0)","decl":{"start":{"line":15,"column":12},"end":{"line":15,"column":13}},"loc":{"start":{"line":15,"column":23},"end":{"line":15,"column":37}},"line":15},"1":{"name":"(anonymous_1)","decl":{"start":{"line":16,"column":12},"end":{"line":16,"column":13}},"loc":{"start":{"line":16,"column":23},"end":{"line":16,"column":37}},"line":16},"2":{"name":"(anonymous_2)","decl":{"start":{"line":17,"column":9},"end":{"line":17,"column":10}},"loc":{"start":{"line":17,"column":20},"end":{"line":17,"column":31}},"line":17},"3":{"name":"(anonymous_3)","decl":{"start":{"line":18,"column":11},"end":{"line":18,"column":12}},"loc":{"start":{"line":18,"column":22},"end":{"line":18,"column":35}},"line":18},"4":{"name":"(anonymous_4)","decl":{"start":{"line":19,"column":8},"end":{"line":19,"column":9}},"loc":{"start":{"line":19,"column":19},"end":{"line":19,"column":29}},"line":19},"5":{"name":"(anonymous_5)","decl":{"start":{"line":20,"column":14},"end":{"line":20,"column":15}},"loc":{"start":{"line":20,"column":25},"end":{"line":20,"column":41}},"line":20},"6":{"name":"(anonymous_6)","decl":{"start":{"line":24,"column":2},"end":{"line":24,"column":3}},"loc":{"start":{"line":24,"column":36},"end":{"line":33,"column":3}},"line":24},"7":{"name":"(anonymous_7)","decl":{"start":{"line":34,"column":2},"end":{"line":34,"column":3}},"loc":{"start":{"line":34,"column":34},"end":{"line":42,"column":3}},"line":34},"8":{"name":"(anonymous_8)","decl":{"start":{"line":44,"column":2},"end":{"line":44,"column":3}},"loc":{"start":{"line":44,"column":38},"end":{"line":53,"column":3}},"line":44},"9":{"name":"(anonymous_9)","decl":{"start":{"line":55,"column":2},"end":{"line":55,"column":3}},"loc":{"start":{"line":55,"column":50},"end":{"line":79,"column":3}},"line":55},"10":{"name":"(anonymous_10)","decl":{"start":{"line":80,"column":2},"end":{"line":80,"column":3}},"loc":{"start":{"line":80,"column":27},"end":{"line":82,"column":3}},"line":80},"11":{"name":"(anonymous_11)","decl":{"start":{"line":83,"column":2},"end":{"line":83,"column":3}},"loc":{"start":{"line":83,"column":31},"end":{"line":86,"column":3}},"line":83},"12":{"name":"(anonymous_12)","decl":{"start":{"line":87,"column":2},"end":{"line":87,"column":3}},"loc":{"start":{"line":87,"column":37},"end":{"line":89,"column":3}},"line":87},"13":{"name":"(anonymous_13)","decl":{"start":{"line":93,"column":15},"end":{"line":93,"column":16}},"loc":{"start":{"line":93,"column":37},"end":{"line":93,"column":62}},"line":93},"14":{"name":"(anonymous_14)","decl":{"start":{"line":94,"column":15},"end":{"line":94,"column":16}},"loc":{"start":{"line":94,"column":37},"end":{"line":94,"column":62}},"line":94},"15":{"name":"(anonymous_15)","decl":{"start":{"line":96,"column":2},"end":{"line":96,"column":3}},"loc":{"start":{"line":96,"column":20},"end":{"line":100,"column":3}},"line":96},"16":{"name":"(anonymous_16)","decl":{"start":{"line":101,"column":2},"end":{"line":101,"column":3}},"loc":{"start":{"line":101,"column":28},"end":{"line":105,"column":3}},"line":101},"17":{"name":"(anonymous_17)","decl":{"start":{"line":106,"column":2},"end":{"line":106,"column":3}},"loc":{"start":{"line":106,"column":32},"end":{"line":117,"column":3}},"line":106},"18":{"name":"(anonymous_18)","decl":{"start":{"line":118,"column":2},"end":{"line":118,"column":3}},"loc":{"start":{"line":118,"column":32},"end":{"line":121,"column":3}},"line":118},"19":{"name":"(anonymous_19)","decl":{"start":{"line":122,"column":2},"end":{"line":122,"column":3}},"loc":{"start":{"line":122,"column":21},"end":{"line":124,"column":3}},"line":122},"20":{"name":"(anonymous_20)","decl":{"start":{"line":125,"column":2},"end":{"line":125,"column":3}},"loc":{"start":{"line":125,"column":35},"end":{"line":127,"column":3}},"line":125}},"branchMap":{"0":{"loc":{"start":{"line":59,"column":4},"end":{"line":78,"column":5}},"type":"if","locations":[{"start":{"line":59,"column":4},"end":{"line":78,"column":5}},{"start":{},"end":{}}],"line":59},"1":{"loc":{"start":{"line":72,"column":6},"end":{"line":77,"column":7}},"type":"if","locations":[{"start":{"line":72,"column":6},"end":{"line":77,"column":7}},{"start":{"line":75,"column":13},"end":{"line":77,"column":7}}],"line":72},"2":{"loc":{"start":{"line":75,"column":13},"end":{"line":77,"column":7}},"type":"if","locations":[{"start":{"line":75,"column":13},"end":{"line":77,"column":7}},{"start":{},"end":{}}],"line":75}},"s":{"0":1,"1":1,"2":0,"3":0,"4":0,"5":1,"6":0,"7":0,"8":1,"9":0,"10":0,"11":0,"12":0,"13":0,"14":0,"15":0,"16":0,"17":0,"18":0,"19":0,"20":0,"21":0,"22":0,"23":0,"24":0,"25":0,"26":0,"27":0,"28":1,"29":0,"30":0,"31":0,"32":0,"33":0,"34":0,"35":0,"36":0,"37":0,"38":0,"39":0,"40":0,"41":0,"42":0,"43":0,"44":0},"f":{"0":0,"1":0,"2":0,"3":1,"4":0,"5":0,"6":0,"7":0,"8":0,"9":0,"10":0,"11":0,"12":0,"13":0,"14":0,"15":0,"16":0,"17":0,"18":0,"19":0,"20":0},"b":{"0":[0,0],"1":[0,0],"2":[0,0]},"_coverageSchema":"1a1c01bbd47fc00a2c39e90264f33305004495a9","hash":"8ae3241f55614ad70cbca85030855f667257608b"}
,"C:\\Users\\39366\\Desktop\\Master\\individualProjects\\Project2-ISAManegement\\ASIManagement\\frontend\\src\\store\\services\\login.service.js": {"path":"C:\\Users\\39366\\Desktop\\Master\\individualProjects\\Project2-ISAManegement\\ASIManagement\\frontend\\src\\store\\services\\login.service.js","statementMap":{"0":{"start":{"line":1,"column":28},"end":{"line":3,"column":1}},"1":{"start":{"line":5,"column":2},"end":{"line":7,"column":3}},"2":{"start":{"line":6,"column":4},"end":{"line":6,"column":15}}},"fnMap":{"0":{"name":"login","decl":{"start":{"line":4,"column":9},"end":{"line":4,"column":14}},"loc":{"start":{"line":4,"column":35},"end":{"line":8,"column":1}},"line":4}},"branchMap":{"0":{"loc":{"start":{"line":5,"column":2},"end":{"line":7,"column":3}},"type":"if","locations":[{"start":{"line":5,"column":2},"end":{"line":7,"column":3}},{"start":{},"end":{}}],"line":5},"1":{"loc":{"start":{"line":5,"column":6},"end":{"line":5,"column":38}},"type":"binary-expr","locations":[{"start":{"line":5,"column":6},"end":{"line":5,"column":20}},{"start":{"line":5,"column":24},"end":{"line":5,"column":38}}],"line":5}},"s":{"0":1,"1":0,"2":0},"f":{"0":0},"b":{"0":[0,0],"1":[0,0]},"_coverageSchema":"1a1c01bbd47fc00a2c39e90264f33305004495a9","hash":"f855aaacd1264c85f1b508188a17bd96cb6ab145"}
}
